Crashlog created at 2017-08-30 13:27:53 -0400

===== MESSAGE:

RuntimeError: 'mbot_list': invalid reference in section "background"

===== ITEM BEING COMPILED:

Item identifier: /content/intro/12_weekly_plan.md.erb
Item rep name:   :default

===== STACK TRACE:

  0. /Users/pitosalas/.rbenv/versions/2.4.1/lib/ruby/gems/2.4.0/gems/coursegen-0.4.2/lib/coursegen/course/data/section.rb:22:in `find_by_short_name'
  1. /Users/pitosalas/.rbenv/versions/2.4.1/lib/ruby/gems/2.4.0/gems/coursegen-0.4.2/lib/coursegen/course/data/toc.rb:52:in `lookup_citem'
  2. /Users/pitosalas/.rbenv/versions/2.4.1/lib/ruby/gems/2.4.0/gems/coursegen-0.4.2/lib/coursegen/course/helpers/content_helpers.rb:30:in `lookup_nitem'
  3. /Users/pitosalas/.rbenv/versions/2.4.1/lib/ruby/gems/2.4.0/gems/coursegen-0.4.2/lib/coursegen/course/helpers/navigation_helpers.rb:50:in `link_to_section'
  4. /Users/pitosalas/.rbenv/versions/2.4.1/lib/ruby/gems/2.4.0/gems/coursegen-0.4.2/lib/coursegen/course/helpers/navigation_helpers.rb:18:in `link_to_background'
  5. item /content/intro/12_weekly_plan.md.erb (rep default):16:in `get_binding'
  6. /Users/pitosalas/.rbenv/versions/2.4.1/lib/ruby/2.4.0/erb.rb:896:in `eval'
  7. /Users/pitosalas/.rbenv/versions/2.4.1/lib/ruby/2.4.0/erb.rb:896:in `result'
  8. /Users/pitosalas/.rbenv/versions/2.4.1/lib/ruby/gems/2.4.0/gems/nanoc-4.8.2/lib/nanoc/filters/erb.rb:36:in `run'
  9. /Users/pitosalas/.rbenv/versions/2.4.1/lib/ruby/gems/2.4.0/gems/nanoc-4.8.2/lib/nanoc/base/services/filter.rb:152:in `setup_and_run'
  10. /Users/pitosalas/.rbenv/versions/2.4.1/lib/ruby/gems/2.4.0/gems/nanoc-4.8.2/lib/nanoc/base/services/executor.rb:28:in `filter'
  11. /Users/pitosalas/.rbenv/versions/2.4.1/lib/ruby/gems/2.4.0/gems/nanoc-4.8.2/lib/nanoc/base/services/compiler/phases/recalculate.rb:30:in `block in run'
  12. /Users/pitosalas/.rbenv/versions/2.4.1/lib/ruby/gems/2.4.0/gems/nanoc-4.8.2/lib/nanoc/base/entities/action_sequence.rb:50:in `block in each'
  13. /Users/pitosalas/.rbenv/versions/2.4.1/lib/ruby/gems/2.4.0/gems/nanoc-4.8.2/lib/nanoc/base/entities/action_sequence.rb:50:in `each'
  14. /Users/pitosalas/.rbenv/versions/2.4.1/lib/ruby/gems/2.4.0/gems/nanoc-4.8.2/lib/nanoc/base/entities/action_sequence.rb:50:in `each'
  15. /Users/pitosalas/.rbenv/versions/2.4.1/lib/ruby/gems/2.4.0/gems/nanoc-4.8.2/lib/nanoc/base/services/compiler/phases/recalculate.rb:27:in `run'
  16. /Users/pitosalas/.rbenv/versions/2.4.1/lib/ruby/gems/2.4.0/gems/nanoc-4.8.2/lib/nanoc/base/services/compiler/phases/abstract.rb:13:in `call'
  17. /Users/pitosalas/.rbenv/versions/2.4.1/lib/ruby/gems/2.4.0/gems/nanoc-4.8.2/lib/nanoc/base/services/compiler/phases/abstract.rb:15:in `block in call'
  18. /Users/pitosalas/.rbenv/versions/2.4.1/lib/ruby/gems/2.4.0/gems/nanoc-4.8.2/lib/nanoc/base/services/compiler/phases/cache.rb:23:in `run'
  19. /Users/pitosalas/.rbenv/versions/2.4.1/lib/ruby/gems/2.4.0/gems/nanoc-4.8.2/lib/nanoc/base/services/compiler/phases/abstract.rb:13:in `call'
  20. /Users/pitosalas/.rbenv/versions/2.4.1/lib/ruby/gems/2.4.0/gems/nanoc-4.8.2/lib/nanoc/base/services/compiler/phases/abstract.rb:15:in `block in call'
  21. /Users/pitosalas/.rbenv/versions/2.4.1/lib/ruby/gems/2.4.0/gems/nanoc-4.8.2/lib/nanoc/base/services/compiler/phases/resume.rb:14:in `block in run'

===== VERSION INFORMATION:

Nanoc 4.8.2 © 2007-2017 Denis Defreyne.
Running ruby 2.4.1 (2017-03-22) on x86_64-darwin16 with RubyGems 2.6.11.

===== SYSTEM INFORMATION:

Darwin TinyMonster.local 16.7.0 Darwin Kernel Version 16.7.0: Thu Jun 15 17:36:27 PDT 2017; root:xnu-3789.70.16~2/RELEASE_X86_64 x86_64

===== INSTALLED GEMS:

  activesupport 5.1.3
  adsf 1.2.1
  bigdecimal 1.3.0
  bundler 1.15.3
  byebug 9.0.6
  coderay 1.1.1
  colored 1.2
  concurrent-ruby 1.0.5
  coursegen 0.4.2
  cri 2.9.1
  ddplugin 1.0.1
  faraday 0.13.1
  ffi 1.9.18
  filetree 1.0.0
  formatador 0.2.5
  guard 2.14.1
  guard-compat 1.2.1
  guard-shell 0.7.1
  hamster 3.0.0
  i18n 0.8.6
  icalendar 2.4.1
  io-console 0.4.6
  jruby-jars 1.7.27
  jruby-parser 0.5.4
  json 1.8.6, 2.0.2
  kramdown 1.14.0
  listen 3.1.5
  lumberjack 1.0.12
  method_source 0.8.2
  mini_portile2 2.2.0
  minitest 5.10.3
  multipart-post 2.0.0
  mustermann 1.0.0
  nanoc 4.8.2
  nenv 0.3.0
  nokogiri 1.8.0
  notiffany 0.1.1
  openssl 2.0.3
  pry 0.10.4
  psych 2.2.2
  rack 2.0.3
  rack-protection 2.0.0
  rake 11.3.0
  rb-fsevent 0.10.2
  rb-inotify 0.9.10
  rdoc 5.0.0
  ref 2.0.0
  rsense 0.5.18
  rsense-core 0.6.6
  rsense-server 0.5.18
  ruby_dep 1.5.0
  rubytree 0.9.7
  shellany 0.0.1
  sinatra 2.0.0
  slop 3.6.0
  spoon 0.0.6
  structured_warnings 0.3.0
  thor 0.19.4, 0.20.0
  thread_safe 0.3.6
  tilt 2.0.8
  tzinfo 1.2.3

===== LOAD PATHS:

  0. /Users/pitosalas/.rbenv/versions/2.4.1/lib/ruby/gems/2.4.0/gems/ref-2.0.0/lib
  1. /usr/local/Cellar/rbenv/1.1.0/rbenv.d/exec/gem-rehash
  2. /Users/pitosalas/.rbenv/versions/2.4.1/lib/ruby/gems/2.4.0/gems/colored-1.2/lib
  3. /Users/pitosalas/.rbenv/versions/2.4.1/lib/ruby/gems/2.4.0/gems/cri-2.9.1/lib
  4. /Users/pitosalas/.rbenv/versions/2.4.1/lib/ruby/gems/2.4.0/gems/concurrent-ruby-1.0.5/lib
  5. /Users/pitosalas/.rbenv/versions/2.4.1/lib/ruby/gems/2.4.0/gems/hamster-3.0.0/lib
  6. /Users/pitosalas/.rbenv/versions/2.4.1/lib/ruby/gems/2.4.0/gems/ref-2.0.0/lib
  7. /Users/pitosalas/.rbenv/versions/2.4.1/lib/ruby/gems/2.4.0/gems/ddplugin-1.0.1/lib
  8. /Users/pitosalas/.rbenv/versions/2.4.1/lib/ruby/gems/2.4.0/gems/nanoc-4.8.2/lib
  9. /Users/pitosalas/.rbenv/versions/2.4.1/lib/ruby/gems/2.4.0/gems/structured_warnings-0.3.0/lib
  10. /Users/pitosalas/.rbenv/versions/2.4.1/lib/ruby/gems/2.4.0/gems/json-1.8.6/lib
  11. /Users/pitosalas/.rbenv/versions/2.4.1/lib/ruby/gems/2.4.0/extensions/x86_64-darwin-16/2.4.0-static/json-1.8.6
  12. /Users/pitosalas/.rbenv/versions/2.4.1/lib/ruby/gems/2.4.0/gems/rubytree-0.9.7/lib
  13. /Users/pitosalas/.rbenv/versions/2.4.1/lib/ruby/gems/2.4.0/gems/mini_portile2-2.2.0/lib
  14. /Users/pitosalas/.rbenv/versions/2.4.1/lib/ruby/gems/2.4.0/gems/nokogiri-1.8.0/lib
  15. /Users/pitosalas/.rbenv/versions/2.4.1/lib/ruby/gems/2.4.0/extensions/x86_64-darwin-16/2.4.0-static/nokogiri-1.8.0
  16. /Users/pitosalas/.rbenv/versions/2.4.1/lib/ruby/gems/2.4.0/gems/i18n-0.8.6/lib
  17. /Users/pitosalas/.rbenv/versions/2.4.1/lib/ruby/gems/2.4.0/gems/thread_safe-0.3.6/lib
  18. /Users/pitosalas/.rbenv/versions/2.4.1/lib/ruby/gems/2.4.0/gems/tzinfo-1.2.3/lib
  19. /Users/pitosalas/.rbenv/versions/2.4.1/lib/ruby/gems/2.4.0/gems/minitest-5.10.3/lib
  20. /Users/pitosalas/.rbenv/versions/2.4.1/lib/ruby/gems/2.4.0/gems/activesupport-5.1.3/lib
  21. /Users/pitosalas/.rbenv/versions/2.4.1/lib/ruby/gems/2.4.0/gems/kramdown-1.14.0/lib
  22. /Users/pitosalas/.rbenv/versions/2.4.1/lib/ruby/gems/2.4.0/gems/rack-2.0.3/lib
  23. /Users/pitosalas/.rbenv/versions/2.4.1/lib/ruby/gems/2.4.0/gems/adsf-1.2.1/lib
  24. /Users/pitosalas/.rbenv/versions/2.4.1/lib/ruby/gems/2.4.0/gems/rb-fsevent-0.10.2/lib
  25. /Users/pitosalas/.rbenv/versions/2.4.1/lib/ruby/gems/2.4.0/gems/ffi-1.9.18/lib
  26. /Users/pitosalas/.rbenv/versions/2.4.1/lib/ruby/gems/2.4.0/extensions/x86_64-darwin-16/2.4.0-static/ffi-1.9.18
  27. /Users/pitosalas/.rbenv/versions/2.4.1/lib/ruby/gems/2.4.0/gems/rb-inotify-0.9.10/lib
  28. /Users/pitosalas/.rbenv/versions/2.4.1/lib/ruby/gems/2.4.0/gems/ruby_dep-1.5.0/lib
  29. /Users/pitosalas/.rbenv/versions/2.4.1/lib/ruby/gems/2.4.0/gems/listen-3.1.5/lib
  30. /Users/pitosalas/.rbenv/versions/2.4.1/lib/ruby/gems/2.4.0/gems/coderay-1.1.1/lib
  31. /Users/pitosalas/.rbenv/versions/2.4.1/lib/ruby/gems/2.4.0/gems/slop-3.6.0/lib
  32. /Users/pitosalas/.rbenv/versions/2.4.1/lib/ruby/gems/2.4.0/gems/method_source-0.8.2/lib
  33. /Users/pitosalas/.rbenv/versions/2.4.1/lib/ruby/gems/2.4.0/gems/pry-0.10.4/lib
  34. /Users/pitosalas/.rbenv/versions/2.4.1/lib/ruby/gems/2.4.0/gems/lumberjack-1.0.12/lib
  35. /Users/pitosalas/.rbenv/versions/2.4.1/lib/ruby/gems/2.4.0/gems/formatador-0.2.5/lib
  36. /Users/pitosalas/.rbenv/versions/2.4.1/lib/ruby/gems/2.4.0/gems/nenv-0.3.0/lib
  37. /Users/pitosalas/.rbenv/versions/2.4.1/lib/ruby/gems/2.4.0/gems/shellany-0.0.1/lib
  38. /Users/pitosalas/.rbenv/versions/2.4.1/lib/ruby/gems/2.4.0/gems/notiffany-0.1.1/lib
  39. /Users/pitosalas/.rbenv/versions/2.4.1/lib/ruby/gems/2.4.0/gems/guard-2.14.1/lib
  40. /Users/pitosalas/.rbenv/versions/2.4.1/lib/ruby/gems/2.4.0/gems/guard-compat-1.2.1/lib
  41. /Users/pitosalas/.rbenv/versions/2.4.1/lib/ruby/gems/2.4.0/gems/guard-shell-0.7.1/lib
  42. /Users/pitosalas/.rbenv/versions/2.4.1/lib/ruby/gems/2.4.0/gems/icalendar-2.4.1/lib
  43. /Users/pitosalas/.rbenv/versions/2.4.1/lib/ruby/gems/2.4.0/gems/byebug-9.0.6/lib
  44. /Users/pitosalas/.rbenv/versions/2.4.1/lib/ruby/gems/2.4.0/extensions/x86_64-darwin-16/2.4.0-static/byebug-9.0.6
  45. /Users/pitosalas/.rbenv/versions/2.4.1/lib/ruby/gems/2.4.0/gems/coursegen-0.4.2/lib
  46. /Users/pitosalas/.rbenv/versions/2.4.1/lib/ruby/site_ruby/2.4.0
  47. /Users/pitosalas/.rbenv/versions/2.4.1/lib/ruby/site_ruby/2.4.0/x86_64-darwin16
  48. /Users/pitosalas/.rbenv/versions/2.4.1/lib/ruby/site_ruby
  49. /Users/pitosalas/.rbenv/versions/2.4.1/lib/ruby/vendor_ruby/2.4.0
  50. /Users/pitosalas/.rbenv/versions/2.4.1/lib/ruby/vendor_ruby/2.4.0/x86_64-darwin16
  51. /Users/pitosalas/.rbenv/versions/2.4.1/lib/ruby/vendor_ruby
  52. /Users/pitosalas/.rbenv/versions/2.4.1/lib/ruby/2.4.0
  53. /Users/pitosalas/.rbenv/versions/2.4.1/lib/ruby/2.4.0/x86_64-darwin16
